[01m[K/home/robot/Desktop/TUM/24w/as_ws/src/two_drones_pkg/src/frames_publisher_node.cpp:[m[K In member function â€˜[01m[Kvoid FramesPublisherNode::onPublish(const ros::TimerEvent&)[m[Kâ€™:
[01m[K/home/robot/Desktop/TUM/24w/as_ws/src/two_drones_pkg/src/frames_publisher_node.cpp:61:64:[m[K [01;31m[Kerror: [m[Kexpected â€˜[01m[K)[m[Kâ€™ before â€˜[01m[K;[m[Kâ€™ token
   61 |     AV2World.setOrigin[34m[K([m[Ktf::Vector3(sin(time), 0.0, cos(2*time))[01;31m[K;[m[K
      |                       [34m[K~[m[K                                        [01;31m[K^[m[K
      |                                                                [32m[K)[m[K
make[2]: *** [CMakeFiles/frames_publisher_node.dir/build.make:63: CMakeFiles/frames_publisher_node.dir/src/frames_publisher_node.cpp.o] Error 1
make[1]: *** [CMakeFiles/Makefile2:214: CMakeFiles/frames_publisher_node.dir/all] Error 2
make: *** [Makefile:141: all] Error 2
